Replace Part BA1 DINAMYC in C:\Users\User\Desktop\диплом\diplom\A1H1_last2.0.SchDoc with DINAMYC from diplom.schlib
Replace Part BQ1 datchik in C:\Users\User\Desktop\диплом\diplom\A1H1_last2.0.SchDoc with datchik from diplom.schlib
Replace Part BQ2 datchik in C:\Users\User\Desktop\диплом\diplom\A1H1_last2.0.SchDoc with datchik from diplom.schlib
Replace Part C1 Cap in C:\Users\User\Desktop\диплом\diplom\A1H1_last2.0.SchDoc with Cap from diplom.schlib
Replace Part C2 Cap in C:\Users\User\Desktop\диплом\diplom\A1H1_last2.0.SchDoc with Cap from diplom.schlib
Replace Part C3 Cap in C:\Users\User\Desktop\диплом\diplom\A1H1_last2.0.SchDoc with Cap from diplom.schlib
Replace Part C4 Cap in C:\Users\User\Desktop\диплом\diplom\A1H1_last2.0.SchDoc with Cap from diplom.schlib
Replace Part C5 Cap in C:\Users\User\Desktop\диплом\diplom\A1H1_last2.0.SchDoc with Cap from diplom.schlib
Replace Part C6 Cap in C:\Users\User\Desktop\диплом\diplom\A1H1_last2.0.SchDoc with Cap from diplom.schlib
Replace Part C7 Cap in C:\Users\User\Desktop\диплом\diplom\A1H1_last2.0.SchDoc with Cap from diplom.schlib
Replace Part C8 Cap in C:\Users\User\Desktop\диплом\diplom\A1H1_last2.0.SchDoc with Cap from diplom.schlib
Replace Part C9 Cap in C:\Users\User\Desktop\диплом\diplom\A1H1_last2.0.SchDoc with Cap from diplom.schlib
Replace Part C10 Cap in C:\Users\User\Desktop\диплом\diplom\A1H1_last2.0.SchDoc with Cap from diplom.schlib
Replace Part C11 Cap in C:\Users\User\Desktop\диплом\diplom\A1H1_last2.0.SchDoc with Cap from diplom.schlib
Replace Part C12 Cap in C:\Users\User\Desktop\диплом\diplom\A1H1_last2.0.SchDoc with Cap from diplom.schlib
Replace Part C13 Cap in C:\Users\User\Desktop\диплом\diplom\A1H1_last2.0.SchDoc with Cap from diplom.schlib
Replace Part C14 Cap in C:\Users\User\Desktop\диплом\diplom\A1H1_last2.0.SchDoc with Cap from diplom.schlib
Replace Part C15 Cap in C:\Users\User\Desktop\диплом\diplom\A1H1_last2.0.SchDoc with Cap from diplom.schlib
Replace Part C16 Cap in C:\Users\User\Desktop\диплом\diplom\A1H1_last2.0.SchDoc with Cap from diplom.schlib
Replace Part C17 Cap in C:\Users\User\Desktop\диплом\diplom\A1H1_last2.0.SchDoc with Cap from diplom.schlib
Replace Part C18 CapPlus in C:\Users\User\Desktop\диплом\diplom\A1H1_last2.0.SchDoc with CapPlus from diplom.schlib
Replace Part C19 Cap in C:\Users\User\Desktop\диплом\diplom\A1H1_last2.0.SchDoc with Cap from diplom.schlib
Replace Part C20 Cap in C:\Users\User\Desktop\диплом\diplom\A1H1_last2.0.SchDoc with Cap from diplom.schlib
Replace Part C21 CapPlus in C:\Users\User\Desktop\диплом\diplom\A1H1_last2.0.SchDoc with CapPlus from diplom.schlib
Replace Part C22 Cap in C:\Users\User\Desktop\диплом\diplom\A1H1_last2.0.SchDoc with Cap from diplom.schlib
Replace Part C23 Cap in C:\Users\User\Desktop\диплом\diplom\A1H1_last2.0.SchDoc with Cap from diplom.schlib
Replace Part C24 Cap in C:\Users\User\Desktop\диплом\diplom\A1H1_last2.0.SchDoc with Cap from diplom.schlib
Replace Part C25 Cap in C:\Users\User\Desktop\диплом\diplom\A1H1_last2.0.SchDoc with Cap from diplom.schlib
Replace Part C26 CapPlus in C:\Users\User\Desktop\диплом\diplom\A1H1_last2.0.SchDoc with CapPlus from diplom.schlib
Replace Part C27 Cap in C:\Users\User\Desktop\диплом\diplom\A1H1_last2.0.SchDoc with Cap from diplom.schlib
Replace Part C28 Cap in C:\Users\User\Desktop\диплом\diplom\A1H1_last2.0.SchDoc with Cap from diplom.schlib
Replace Part C29 Cap in C:\Users\User\Desktop\диплом\diplom\A1H1_last2.0.SchDoc with Cap from diplom.schlib
Replace Part C30 Cap in C:\Users\User\Desktop\диплом\diplom\A1H1_last2.0.SchDoc with Cap from diplom.schlib
Replace Part C31 Cap in C:\Users\User\Desktop\диплом\diplom\A1H1_last2.0.SchDoc with Cap from diplom.schlib
Replace Part C32 Cap in C:\Users\User\Desktop\диплом\diplom\A1H1_last2.0.SchDoc with Cap from diplom.schlib
Replace Part C33 CapPlus in C:\Users\User\Desktop\диплом\diplom\A1H1_last2.0.SchDoc with CapPlus from diplom.schlib
Replace Part C34 Cap in C:\Users\User\Desktop\диплом\diplom\A1H1_last2.0.SchDoc with Cap from diplom.schlib
Replace Part C35 CapPlus in C:\Users\User\Desktop\диплом\diplom\A1H1_last2.0.SchDoc with CapPlus from diplom.schlib
Replace Part C36 Cap in C:\Users\User\Desktop\диплом\diplom\A1H1_last2.0.SchDoc with Cap from diplom.schlib
Replace Part C37 Cap in C:\Users\User\Desktop\диплом\diplom\A1H1_last2.0.SchDoc with Cap from diplom.schlib
Replace Part C38 Cap in C:\Users\User\Desktop\диплом\diplom\A1H1_last2.0.SchDoc with Cap from diplom.schlib
Replace Part C39 Cap in C:\Users\User\Desktop\диплом\diplom\A1H1_last2.0.SchDoc with Cap from diplom.schlib
Replace Part DD1 dd in C:\Users\User\Desktop\диплом\diplom\A1H1_last2.0.SchDoc with dd from diplom.schlib
Replace Part DD1 dd in C:\Users\User\Desktop\диплом\diplom\A1H1_last2.0.SchDoc with dd from diplom.schlib
Replace Part DD1 dd in C:\Users\User\Desktop\диплом\diplom\A1H1_last2.0.SchDoc with dd from diplom.schlib
Replace Part DD2 K561TM2 in C:\Users\User\Desktop\диплом\diplom\A1H1_last2.0.SchDoc with K561TM2 from diplom.schlib
Replace Part DD3 К561ЛН2 in C:\Users\User\Desktop\диплом\diplom\A1H1_last2.0.SchDoc with К561ЛН2 from diplom.schlib
Replace Part DD3 К561ЛН2 in C:\Users\User\Desktop\диплом\diplom\A1H1_last2.0.SchDoc with К561ЛН2 from diplom.schlib
Replace Part DD3 К561ЛН2 in C:\Users\User\Desktop\диплом\diplom\A1H1_last2.0.SchDoc with К561ЛН2 from diplom.schlib
Replace Part DD3 К561ЛН2 in C:\Users\User\Desktop\диплом\diplom\A1H1_last2.0.SchDoc with К561ЛН2 from diplom.schlib
Replace Part DD3 К561ЛН2 in C:\Users\User\Desktop\диплом\diplom\A1H1_last2.0.SchDoc with К561ЛН2 from diplom.schlib
Replace Part DD3 К561ЛН2 in C:\Users\User\Desktop\диплом\diplom\A1H1_last2.0.SchDoc with К561ЛН2 from diplom.schlib
Replace Part DD4 AT89C2051 in C:\Users\User\Desktop\диплом\diplom\A1H1_last2.0.SchDoc with AT89C2051 from diplom.schlib
Replace Part DD5 К561ИР2 in C:\Users\User\Desktop\диплом\diplom\A1H1_last2.0.SchDoc with К561ИР2 from diplom.schlib
Replace Part DD5 К561ИР2 in C:\Users\User\Desktop\диплом\diplom\A1H1_last2.0.SchDoc with К561ИР2 from diplom.schlib
Replace Part DD6 К561ИР2 in C:\Users\User\Desktop\диплом\diplom\A1H1_last2.0.SchDoc with К561ИР2 from diplom.schlib
Replace Part DD6 К561ИР2 in C:\Users\User\Desktop\диплом\diplom\A1H1_last2.0.SchDoc with К561ИР2 from diplom.schlib
Replace Part DD7 dd in C:\Users\User\Desktop\диплом\diplom\A1H1_last2.0.SchDoc with dd from diplom.schlib
Replace Part DD7 dd in C:\Users\User\Desktop\диплом\diplom\A1H1_last2.0.SchDoc with dd from diplom.schlib
Replace Part DD7 dd in C:\Users\User\Desktop\диплом\diplom\A1H1_last2.0.SchDoc with dd from diplom.schlib
Replace Part DD7 dd in C:\Users\User\Desktop\диплом\diplom\A1H1_last2.0.SchDoc with dd from diplom.schlib
Replace Part DD8 К561ИР2 in C:\Users\User\Desktop\диплом\diplom\A1H1_last2.0.SchDoc with К561ИР2 from diplom.schlib
Replace Part DD8 К561ИР2 in C:\Users\User\Desktop\диплом\diplom\A1H1_last2.0.SchDoc with К561ИР2 from diplom.schlib
Replace Part DD9 К561ИР2 in C:\Users\User\Desktop\диплом\diplom\A1H1_last2.0.SchDoc with К561ИР2 from diplom.schlib
Replace Part DD9 К561ИР2 in C:\Users\User\Desktop\диплом\diplom\A1H1_last2.0.SchDoc with К561ИР2 from diplom.schlib
Replace Part GB1 batareyka in C:\Users\User\Desktop\диплом\diplom\A1H1_last2.0.SchDoc with batareyka from diplom.schlib
Replace Part HL1 sveto_diod in C:\Users\User\Desktop\диплом\diplom\A1H1_last2.0.SchDoc with sveto_diod from diplom.schlib
Replace Part HL2 sveto_diod in C:\Users\User\Desktop\диплом\diplom\A1H1_last2.0.SchDoc with sveto_diod from diplom.schlib
Replace Part HL3 sveto_diod in C:\Users\User\Desktop\диплом\diplom\A1H1_last2.0.SchDoc with sveto_diod from diplom.schlib
Replace Part HL4 sveto_diod in C:\Users\User\Desktop\диплом\diplom\A1H1_last2.0.SchDoc with sveto_diod from diplom.schlib
Replace Part HL5 sveto_diod in C:\Users\User\Desktop\диплом\diplom\A1H1_last2.0.SchDoc with sveto_diod from diplom.schlib
Replace Part HL6 sveto_diod in C:\Users\User\Desktop\диплом\diplom\A1H1_last2.0.SchDoc with sveto_diod from diplom.schlib
Replace Part HL7 sveto_diod in C:\Users\User\Desktop\диплом\diplom\A1H1_last2.0.SchDoc with sveto_diod from diplom.schlib
Replace Part HL8 sveto_diod in C:\Users\User\Desktop\диплом\diplom\A1H1_last2.0.SchDoc with sveto_diod from diplom.schlib
Replace Part HL9 sveto_diod in C:\Users\User\Desktop\диплом\diplom\A1H1_last2.0.SchDoc with sveto_diod from diplom.schlib
Replace Part HL10 sveto_diod in C:\Users\User\Desktop\диплом\diplom\A1H1_last2.0.SchDoc with sveto_diod from diplom.schlib
Replace Part HL11 sveto_diod in C:\Users\User\Desktop\диплом\diplom\A1H1_last2.0.SchDoc with sveto_diod from diplom.schlib
Replace Part HL12 sveto_diod in C:\Users\User\Desktop\диплом\diplom\A1H1_last2.0.SchDoc with sveto_diod from diplom.schlib
Replace Part HL13 sveto_diod in C:\Users\User\Desktop\диплом\diplom\A1H1_last2.0.SchDoc with sveto_diod from diplom.schlib
Replace Part HL14 sveto_diod in C:\Users\User\Desktop\диплом\diplom\A1H1_last2.0.SchDoc with sveto_diod from diplom.schlib
Replace Part HL15 sveto_diod in C:\Users\User\Desktop\диплом\diplom\A1H1_last2.0.SchDoc with sveto_diod from diplom.schlib
Replace Part HL16 sveto_diod in C:\Users\User\Desktop\диплом\diplom\A1H1_last2.0.SchDoc with sveto_diod from diplom.schlib
Replace Part HL17 sveto_diod in C:\Users\User\Desktop\диплом\diplom\A1H1_last2.0.SchDoc with sveto_diod from diplom.schlib
Replace Part HL18 sveto_diod in C:\Users\User\Desktop\диплом\diplom\A1H1_last2.0.SchDoc with sveto_diod from diplom.schlib
Replace Part HL19 sveto_diod in C:\Users\User\Desktop\диплом\diplom\A1H1_last2.0.SchDoc with sveto_diod from diplom.schlib
Replace Part HL20 sveto_diod in C:\Users\User\Desktop\диплом\diplom\A1H1_last2.0.SchDoc with sveto_diod from diplom.schlib
Replace Part HL21 sveto_diod in C:\Users\User\Desktop\диплом\diplom\A1H1_last2.0.SchDoc with sveto_diod from diplom.schlib
Replace Part HL22 sveto_diod in C:\Users\User\Desktop\диплом\diplom\A1H1_last2.0.SchDoc with sveto_diod from diplom.schlib
Replace Part HL23 sveto_diod in C:\Users\User\Desktop\диплом\diplom\A1H1_last2.0.SchDoc with sveto_diod from diplom.schlib
Replace Part HL24 sveto_diod in C:\Users\User\Desktop\диплом\diplom\A1H1_last2.0.SchDoc with sveto_diod from diplom.schlib
Replace Part HL25 sveto_diod in C:\Users\User\Desktop\диплом\diplom\A1H1_last2.0.SchDoc with sveto_diod from diplom.schlib
Replace Part HL26 sveto_diod in C:\Users\User\Desktop\диплом\diplom\A1H1_last2.0.SchDoc with sveto_diod from diplom.schlib
Replace Part HL27 sveto_diod in C:\Users\User\Desktop\диплом\diplom\A1H1_last2.0.SchDoc with sveto_diod from diplom.schlib
Replace Part HL28 sveto_diod in C:\Users\User\Desktop\диплом\diplom\A1H1_last2.0.SchDoc with sveto_diod from diplom.schlib
Replace Part HL29 sveto_diod in C:\Users\User\Desktop\диплом\diplom\A1H1_last2.0.SchDoc with sveto_diod from diplom.schlib
Replace Part HL30 sveto_diod in C:\Users\User\Desktop\диплом\diplom\A1H1_last2.0.SchDoc with sveto_diod from diplom.schlib
Replace Part HL31 sveto_diod in C:\Users\User\Desktop\диплом\diplom\A1H1_last2.0.SchDoc with sveto_diod from diplom.schlib
Replace Part L1 induktor_4 in C:\Users\User\Desktop\диплом\diplom\A1H1_last2.0.SchDoc with induktor_4 from diplom.schlib
Replace Part L2 induktor_4 in C:\Users\User\Desktop\диплом\diplom\A1H1_last2.0.SchDoc with induktor_4 from diplom.schlib
Replace Part L3 induktor_2 in C:\Users\User\Desktop\диплом\diplom\A1H1_last2.0.SchDoc with induktor_2 from diplom.schlib
Replace Part L4 induktor_4 in C:\Users\User\Desktop\диплом\diplom\A1H1_last2.0.SchDoc with induktor_4 from diplom.schlib
Replace Part L5 induktor_2 in C:\Users\User\Desktop\диплом\diplom\A1H1_last2.0.SchDoc with induktor_2 from diplom.schlib
Replace Part L6 induktor_4 in C:\Users\User\Desktop\диплом\diplom\A1H1_last2.0.SchDoc with induktor_4 from diplom.schlib
Replace Part R1 res in C:\Users\User\Desktop\диплом\diplom\A1H1_last2.0.SchDoc with res from diplom.schlib
Replace Part R2 res in C:\Users\User\Desktop\диплом\diplom\A1H1_last2.0.SchDoc with res from diplom.schlib
Replace Part R3 res in C:\Users\User\Desktop\диплом\diplom\A1H1_last2.0.SchDoc with res from diplom.schlib
Replace Part R4 res in C:\Users\User\Desktop\диплом\diplom\A1H1_last2.0.SchDoc with res from diplom.schlib
Replace Part R5 res in C:\Users\User\Desktop\диплом\diplom\A1H1_last2.0.SchDoc with res from diplom.schlib
Replace Part R6 res in C:\Users\User\Desktop\диплом\diplom\A1H1_last2.0.SchDoc with res from diplom.schlib
Replace Part R7 res in C:\Users\User\Desktop\диплом\diplom\A1H1_last2.0.SchDoc with res from diplom.schlib
Replace Part R8 res in C:\Users\User\Desktop\диплом\diplom\A1H1_last2.0.SchDoc with res from diplom.schlib
Replace Part R9 res in C:\Users\User\Desktop\диплом\diplom\A1H1_last2.0.SchDoc with res from diplom.schlib
Replace Part R10 res in C:\Users\User\Desktop\диплом\diplom\A1H1_last2.0.SchDoc with res from diplom.schlib
Replace Part R11 res in C:\Users\User\Desktop\диплом\diplom\A1H1_last2.0.SchDoc with res from diplom.schlib
Replace Part R12 res in C:\Users\User\Desktop\диплом\diplom\A1H1_last2.0.SchDoc with res from diplom.schlib
Replace Part R13 res in C:\Users\User\Desktop\диплом\diplom\A1H1_last2.0.SchDoc with res from diplom.schlib
Replace Part R14 res in C:\Users\User\Desktop\диплом\diplom\A1H1_last2.0.SchDoc with res from diplom.schlib
Replace Part R15 res in C:\Users\User\Desktop\диплом\diplom\A1H1_last2.0.SchDoc with res from diplom.schlib
Replace Part R16 res in C:\Users\User\Desktop\диплом\diplom\A1H1_last2.0.SchDoc with res from diplom.schlib
Replace Part R17 res in C:\Users\User\Desktop\диплом\diplom\A1H1_last2.0.SchDoc with res from diplom.schlib
Replace Part R18 res in C:\Users\User\Desktop\диплом\diplom\A1H1_last2.0.SchDoc with res from diplom.schlib
Replace Part R19 res in C:\Users\User\Desktop\диплом\diplom\A1H1_last2.0.SchDoc with res from diplom.schlib
Replace Part R20 res in C:\Users\User\Desktop\диплом\diplom\A1H1_last2.0.SchDoc with res from diplom.schlib
Replace Part R21 res in C:\Users\User\Desktop\диплом\diplom\A1H1_last2.0.SchDoc with res from diplom.schlib
Replace Part R22 res in C:\Users\User\Desktop\диплом\diplom\A1H1_last2.0.SchDoc with res from diplom.schlib
Replace Part R23 res in C:\Users\User\Desktop\диплом\diplom\A1H1_last2.0.SchDoc with res from diplom.schlib
Replace Part R24 res in C:\Users\User\Desktop\диплом\diplom\A1H1_last2.0.SchDoc with res from diplom.schlib
Replace Part R25 res_per in C:\Users\User\Desktop\диплом\diplom\A1H1_last2.0.SchDoc with res_per from diplom.schlib
Replace Part R26 res in C:\Users\User\Desktop\диплом\diplom\A1H1_last2.0.SchDoc with res from diplom.schlib
Replace Part R27 res in C:\Users\User\Desktop\диплом\diplom\A1H1_last2.0.SchDoc with res from diplom.schlib
Replace Part R28 res in C:\Users\User\Desktop\диплом\diplom\A1H1_last2.0.SchDoc with res from diplom.schlib
Replace Part R29 res in C:\Users\User\Desktop\диплом\diplom\A1H1_last2.0.SchDoc with res from diplom.schlib
Replace Part R30 res in C:\Users\User\Desktop\диплом\diplom\A1H1_last2.0.SchDoc with res from diplom.schlib
Replace Part R31 res in C:\Users\User\Desktop\диплом\diplom\A1H1_last2.0.SchDoc with res from diplom.schlib
Replace Part R32 res in C:\Users\User\Desktop\диплом\diplom\A1H1_last2.0.SchDoc with res from diplom.schlib
Replace Part R33 res in C:\Users\User\Desktop\диплом\diplom\A1H1_last2.0.SchDoc with res from diplom.schlib
Replace Part R34 res_per in C:\Users\User\Desktop\диплом\diplom\A1H1_last2.0.SchDoc with res_per from diplom.schlib
Replace Part R35 res in C:\Users\User\Desktop\диплом\diplom\A1H1_last2.0.SchDoc with res from diplom.schlib
Replace Part R36 res in C:\Users\User\Desktop\диплом\diplom\A1H1_last2.0.SchDoc with res from diplom.schlib
Replace Part R37 res_per in C:\Users\User\Desktop\диплом\diplom\A1H1_last2.0.SchDoc with res_per from diplom.schlib
Replace Part R38 res in C:\Users\User\Desktop\диплом\diplom\A1H1_last2.0.SchDoc with res from diplom.schlib
Replace Part R39 res_per in C:\Users\User\Desktop\диплом\diplom\A1H1_last2.0.SchDoc with res_per from diplom.schlib
Replace Part R40 res in C:\Users\User\Desktop\диплом\diplom\A1H1_last2.0.SchDoc with res from diplom.schlib
Replace Part R41 res in C:\Users\User\Desktop\диплом\diplom\A1H1_last2.0.SchDoc with res from diplom.schlib
Replace Part R42 res in C:\Users\User\Desktop\диплом\diplom\A1H1_last2.0.SchDoc with res from diplom.schlib
Replace Part R43 res in C:\Users\User\Desktop\диплом\diplom\A1H1_last2.0.SchDoc with res from diplom.schlib
Replace Part R44 res in C:\Users\User\Desktop\диплом\diplom\A1H1_last2.0.SchDoc with res from diplom.schlib
Replace Part R45 res in C:\Users\User\Desktop\диплом\diplom\A1H1_last2.0.SchDoc with res from diplom.schlib
Replace Part R46 res in C:\Users\User\Desktop\диплом\diplom\A1H1_last2.0.SchDoc with res from diplom.schlib
Replace Part R47 res in C:\Users\User\Desktop\диплом\diplom\A1H1_last2.0.SchDoc with res from diplom.schlib
Replace Part R48 res in C:\Users\User\Desktop\диплом\diplom\A1H1_last2.0.SchDoc with res from diplom.schlib
Replace Part R49 res in C:\Users\User\Desktop\диплом\diplom\A1H1_last2.0.SchDoc with res from diplom.schlib
Replace Part R50 res in C:\Users\User\Desktop\диплом\diplom\A1H1_last2.0.SchDoc with res from diplom.schlib
Replace Part R51 res in C:\Users\User\Desktop\диплом\diplom\A1H1_last2.0.SchDoc with res from diplom.schlib
Replace Part R52 res in C:\Users\User\Desktop\диплом\diplom\A1H1_last2.0.SchDoc with res from diplom.schlib
Replace Part R53 res in C:\Users\User\Desktop\диплом\diplom\A1H1_last2.0.SchDoc with res from diplom.schlib
Replace Part R54 res in C:\Users\User\Desktop\диплом\diplom\A1H1_last2.0.SchDoc with res from diplom.schlib
Replace Part R55 res in C:\Users\User\Desktop\диплом\diplom\A1H1_last2.0.SchDoc with res from diplom.schlib
Replace Part R56 res in C:\Users\User\Desktop\диплом\diplom\A1H1_last2.0.SchDoc with res from diplom.schlib
Replace Part R57 res in C:\Users\User\Desktop\диплом\diplom\A1H1_last2.0.SchDoc with res from diplom.schlib
Replace Part R58 res in C:\Users\User\Desktop\диплом\diplom\A1H1_last2.0.SchDoc with res from diplom.schlib
Replace Part R59 res in C:\Users\User\Desktop\диплом\diplom\A1H1_last2.0.SchDoc with res from diplom.schlib
Replace Part R60 res in C:\Users\User\Desktop\диплом\diplom\A1H1_last2.0.SchDoc with res from diplom.schlib
Replace Part R61 res in C:\Users\User\Desktop\диплом\diplom\A1H1_last2.0.SchDoc with res from diplom.schlib
Replace Part R62 res in C:\Users\User\Desktop\диплом\diplom\A1H1_last2.0.SchDoc with res from diplom.schlib
Replace Part R63 res in C:\Users\User\Desktop\диплом\diplom\A1H1_last2.0.SchDoc with res from diplom.schlib
Replace Part R64 res in C:\Users\User\Desktop\диплом\diplom\A1H1_last2.0.SchDoc with res from diplom.schlib
Replace Part R65 res in C:\Users\User\Desktop\диплом\diplom\A1H1_last2.0.SchDoc with res from diplom.schlib
Replace Part R66 res in C:\Users\User\Desktop\диплом\diplom\A1H1_last2.0.SchDoc with res from diplom.schlib
Replace Part R67 res in C:\Users\User\Desktop\диплом\diplom\A1H1_last2.0.SchDoc with res from diplom.schlib
Replace Part R68 res in C:\Users\User\Desktop\диплом\diplom\A1H1_last2.0.SchDoc with res from diplom.schlib
Replace Part R69 res in C:\Users\User\Desktop\диплом\diplom\A1H1_last2.0.SchDoc with res from diplom.schlib
Replace Part R70 res in C:\Users\User\Desktop\диплом\diplom\A1H1_last2.0.SchDoc with res from diplom.schlib
Replace Part R71 res in C:\Users\User\Desktop\диплом\diplom\A1H1_last2.0.SchDoc with res from diplom.schlib
Replace Part R72 res in C:\Users\User\Desktop\диплом\diplom\A1H1_last2.0.SchDoc with res from diplom.schlib
Replace Part R73 res in C:\Users\User\Desktop\диплом\diplom\A1H1_last2.0.SchDoc with res from diplom.schlib
Replace Part R74 res in C:\Users\User\Desktop\диплом\diplom\A1H1_last2.0.SchDoc with res from diplom.schlib
Replace Part R75 res in C:\Users\User\Desktop\диплом\diplom\A1H1_last2.0.SchDoc with res from diplom.schlib
Replace Part R76 res in C:\Users\User\Desktop\диплом\diplom\A1H1_last2.0.SchDoc with res from diplom.schlib
Replace Part R77 res in C:\Users\User\Desktop\диплом\diplom\A1H1_last2.0.SchDoc with res from diplom.schlib
Replace Part R78 res in C:\Users\User\Desktop\диплом\diplom\A1H1_last2.0.SchDoc with res from diplom.schlib
Replace Part SA1 key2 in C:\Users\User\Desktop\диплом\diplom\A1H1_last2.0.SchDoc with key2 from diplom.schlib
Replace Part SA2 key2 in C:\Users\User\Desktop\диплом\diplom\A1H1_last2.0.SchDoc with key2 from diplom.schlib
Replace Part SB1 key3 in C:\Users\User\Desktop\диплом\diplom\A1H1_last2.0.SchDoc with key3 from diplom.schlib
Replace Part SB2 key3 in C:\Users\User\Desktop\диплом\diplom\A1H1_last2.0.SchDoc with key3 from diplom.schlib
Replace Part SB3 key3 in C:\Users\User\Desktop\диплом\diplom\A1H1_last2.0.SchDoc with key3 from diplom.schlib
Replace Part SB4 key3 in C:\Users\User\Desktop\диплом\diplom\A1H1_last2.0.SchDoc with key3 from diplom.schlib
Replace Part SB5 key3 in C:\Users\User\Desktop\диплом\diplom\A1H1_last2.0.SchDoc with key3 from diplom.schlib
Replace Part T1 transformator in C:\Users\User\Desktop\диплом\diplom\A1H1_last2.0.SchDoc with transformator from diplom.schlib
Replace Part VD1 diod in C:\Users\User\Desktop\диплом\diplom\A1H1_last2.0.SchDoc with diod from diplom.schlib
Replace Part VD2 diod in C:\Users\User\Desktop\диплом\diplom\A1H1_last2.0.SchDoc with diod from diplom.schlib
Replace Part VD3 diod in C:\Users\User\Desktop\диплом\diplom\A1H1_last2.0.SchDoc with diod from diplom.schlib
Replace Part VD4 diod in C:\Users\User\Desktop\диплом\diplom\A1H1_last2.0.SchDoc with diod from diplom.schlib
Replace Part VD5 diod in C:\Users\User\Desktop\диплом\diplom\A1H1_last2.0.SchDoc with diod from diplom.schlib
Replace Part VD6 diod in C:\Users\User\Desktop\диплом\diplom\A1H1_last2.0.SchDoc with diod from diplom.schlib
Replace Part VD7 diod in C:\Users\User\Desktop\диплом\diplom\A1H1_last2.0.SchDoc with diod from diplom.schlib
Replace Part VT1 TransistorNpN in C:\Users\User\Desktop\диплом\diplom\A1H1_last2.0.SchDoc with TransistorNpN from diplom.schlib
Replace Part VT2 TransistorNpN in C:\Users\User\Desktop\диплом\diplom\A1H1_last2.0.SchDoc with TransistorNpN from diplom.schlib
Replace Part VT3 TransistorNpN in C:\Users\User\Desktop\диплом\diplom\A1H1_last2.0.SchDoc with TransistorNpN from diplom.schlib
Replace Part VT4 TransistorNpN in C:\Users\User\Desktop\диплом\diplom\A1H1_last2.0.SchDoc with TransistorNpN from diplom.schlib
Replace Part VT5 TransistorNpN in C:\Users\User\Desktop\диплом\diplom\A1H1_last2.0.SchDoc with TransistorNpN from diplom.schlib
Replace Part VT6 TransistorNpN in C:\Users\User\Desktop\диплом\diplom\A1H1_last2.0.SchDoc with TransistorNpN from diplom.schlib
Replace Part VT7 TransistorNN in C:\Users\User\Desktop\диплом\diplom\A1H1_last2.0.SchDoc with TransistorNN from diplom.schlib
Replace Part VT8 TransistorNpN in C:\Users\User\Desktop\диплом\diplom\A1H1_last2.0.SchDoc with TransistorNpN from diplom.schlib
Replace Part VT9 TransistorNpN in C:\Users\User\Desktop\диплом\diplom\A1H1_last2.0.SchDoc with TransistorNpN from diplom.schlib
Replace Part VT10 TransistorNpN in C:\Users\User\Desktop\диплом\diplom\A1H1_last2.0.SchDoc with TransistorNpN from diplom.schlib
Replace Part VT11 TransistorNpN in C:\Users\User\Desktop\диплом\diplom\A1H1_last2.0.SchDoc with TransistorNpN from diplom.schlib
Replace Part VT12 TransistorNN in C:\Users\User\Desktop\диплом\diplom\A1H1_last2.0.SchDoc with TransistorNN from diplom.schlib
Replace Part VT13 TransistorPnP in C:\Users\User\Desktop\диплом\diplom\A1H1_last2.0.SchDoc with TransistorPnP from diplom.schlib
Replace Part VT14 TransistorUNO in C:\Users\User\Desktop\диплом\diplom\A1H1_last2.0.SchDoc with TransistorUNO from diplom.schlib
Replace Part VT15 TransistorNN in C:\Users\User\Desktop\диплом\diplom\A1H1_last2.0.SchDoc with TransistorNN from diplom.schlib
Replace Part VT16 TransistorUNO in C:\Users\User\Desktop\диплом\diplom\A1H1_last2.0.SchDoc with TransistorUNO from diplom.schlib
Replace Part VT17 TransistorNpN in C:\Users\User\Desktop\диплом\diplom\A1H1_last2.0.SchDoc with TransistorNpN from diplom.schlib
Replace Part VT18 TransistorPnP in C:\Users\User\Desktop\диплом\diplom\A1H1_last2.0.SchDoc with TransistorPnP from diplom.schlib
Replace Part VT19 TransistorNpN in C:\Users\User\Desktop\диплом\diplom\A1H1_last2.0.SchDoc with TransistorNpN from diplom.schlib
Replace Part VT20 TransistorNpN in C:\Users\User\Desktop\диплом\diplom\A1H1_last2.0.SchDoc with TransistorNpN from diplom.schlib
Replace Part VT21 TransistorNpN in C:\Users\User\Desktop\диплом\diplom\A1H1_last2.0.SchDoc with TransistorNpN from diplom.schlib
Replace Part VT22 TransistorNpN in C:\Users\User\Desktop\диплом\diplom\A1H1_last2.0.SchDoc with TransistorNpN from diplom.schlib
Replace Part VT23 TransistorNpN in C:\Users\User\Desktop\диплом\diplom\A1H1_last2.0.SchDoc with TransistorNpN from diplom.schlib
Replace Part VT24 TransistorNpN in C:\Users\User\Desktop\диплом\diplom\A1H1_last2.0.SchDoc with TransistorNpN from diplom.schlib
Replace Part VT25 TransistorNpN in C:\Users\User\Desktop\диплом\diplom\A1H1_last2.0.SchDoc with TransistorNpN from diplom.schlib
Replace Part VT26 TransistorNpN in C:\Users\User\Desktop\диплом\diplom\A1H1_last2.0.SchDoc with TransistorNpN from diplom.schlib
Replace Part VT27 TransistorNpN in C:\Users\User\Desktop\диплом\diplom\A1H1_last2.0.SchDoc with TransistorNpN from diplom.schlib
Replace Part VT28 TransistorNpN in C:\Users\User\Desktop\диплом\diplom\A1H1_last2.0.SchDoc with TransistorNpN from diplom.schlib
Replace Part VT29 TransistorNpN in C:\Users\User\Desktop\диплом\diplom\A1H1_last2.0.SchDoc with TransistorNpN from diplom.schlib
Replace Part VT30 TransistorNpN in C:\Users\User\Desktop\диплом\diplom\A1H1_last2.0.SchDoc with TransistorNpN from diplom.schlib
Replace Part VT31 TransistorNpN in C:\Users\User\Desktop\диплом\diplom\A1H1_last2.0.SchDoc with TransistorNpN from diplom.schlib
Replace Part VT32 TransistorNpN in C:\Users\User\Desktop\диплом\diplom\A1H1_last2.0.SchDoc with TransistorNpN from diplom.schlib
Replace Part VT33 TransistorNpN in C:\Users\User\Desktop\диплом\diplom\A1H1_last2.0.SchDoc with TransistorNpN from diplom.schlib
Replace Part VT34 TransistorNpN in C:\Users\User\Desktop\диплом\diplom\A1H1_last2.0.SchDoc with TransistorNpN from diplom.schlib
Replace Part VT35 TransistorNpN in C:\Users\User\Desktop\диплом\diplom\A1H1_last2.0.SchDoc with TransistorNpN from diplom.schlib
Replace Part VT36 TransistorNpN in C:\Users\User\Desktop\диплом\diplom\A1H1_last2.0.SchDoc with TransistorNpN from diplom.schlib
Replace Part VT37 TransistorNpN in C:\Users\User\Desktop\диплом\diplom\A1H1_last2.0.SchDoc with TransistorNpN from diplom.schlib
Replace Part VT38 TransistorNpN in C:\Users\User\Desktop\диплом\diplom\A1H1_last2.0.SchDoc with TransistorNpN from diplom.schlib
Replace Part VT39 TransistorNpN in C:\Users\User\Desktop\диплом\diplom\A1H1_last2.0.SchDoc with TransistorNpN from diplom.schlib
Replace Part VT40 TransistorNpN in C:\Users\User\Desktop\диплом\diplom\A1H1_last2.0.SchDoc with TransistorNpN from diplom.schlib
Replace Part VT41 TransistorNpN in C:\Users\User\Desktop\диплом\diplom\A1H1_last2.0.SchDoc with TransistorNpN from diplom.schlib
Replace Part VT42 TransistorNpN in C:\Users\User\Desktop\диплом\diplom\A1H1_last2.0.SchDoc with TransistorNpN from diplom.schlib
Replace Part VT43 TransistorNpN in C:\Users\User\Desktop\диплом\diplom\A1H1_last2.0.SchDoc with TransistorNpN from diplom.schlib
Replace Part VT44 TransistorNpN in C:\Users\User\Desktop\диплом\diplom\A1H1_last2.0.SchDoc with TransistorNpN from diplom.schlib
Replace Part VT45 TransistorNpN in C:\Users\User\Desktop\диплом\diplom\A1H1_last2.0.SchDoc with TransistorNpN from diplom.schlib
Replace Part VT46 TransistorNpN in C:\Users\User\Desktop\диплом\diplom\A1H1_last2.0.SchDoc with TransistorNpN from diplom.schlib
Replace Part VT47 TransistorNpN in C:\Users\User\Desktop\диплом\diplom\A1H1_last2.0.SchDoc with TransistorNpN from diplom.schlib
Replace Part VT48 TransistorNpN in C:\Users\User\Desktop\диплом\diplom\A1H1_last2.0.SchDoc with TransistorNpN from diplom.schlib
Replace Part ZQ1 Resonator in C:\Users\User\Desktop\диплом\diplom\A1H1_last2.0.SchDoc with Resonator from diplom.schlib
