Change Component Designator: Old Designator=*1 New Designator=*2
Change Component Designator: Old Designator=*1 New Designator=*2
Change Component Designator: Old Designator=*1 New Designator=*2
Change Component Designator: Old Designator=*1 New Designator=*2
Change Component Designator: Old Designator=*1 New Designator=*2
Change Component Designator: Old Designator=*1 New Designator=*2
Change Component Designator: Old Designator=*2 New Designator=*1
Change Component Designator: Old Designator=C1 New Designator=C12
Change Component Designator: Old Designator=C2 New Designator=C7
Change Component Designator: Old Designator=C3 New Designator=C23
Change Component Designator: Old Designator=C4 New Designator=C32
Change Component Designator: Old Designator=C5 New Designator=C2
Change Component Designator: Old Designator=C6 New Designator=C25
Change Component Designator: Old Designator=C7 New Designator=C30
Change Component Designator: Old Designator=C8 New Designator=C10
Change Component Designator: Old Designator=C9 New Designator=C15
Change Component Designator: Old Designator=C10 New Designator=C3
Change Component Designator: Old Designator=C11 New Designator=C38
Change Component Designator: Old Designator=C12 New Designator=C29
Change Component Designator: Old Designator=C13 New Designator=C11
Change Component Designator: Old Designator=C14 New Designator=C17
Change Component Designator: Old Designator=C15 New Designator=C31
Change Component Designator: Old Designator=C16 New Designator=C33
Change Component Designator: Old Designator=C17 New Designator=C4
Change Component Designator: Old Designator=C18 New Designator=C8
Change Component Designator: Old Designator=C19 New Designator=C24
Change Component Designator: Old Designator=C20 New Designator=C14
Change Component Designator: Old Designator=C21 New Designator=C35
Change Component Designator: Old Designator=C22 New Designator=C36
Change Component Designator: Old Designator=C23 New Designator=C5
Change Component Designator: Old Designator=C24 New Designator=C27
Change Component Designator: Old Designator=C25 New Designator=C21
Change Component Designator: Old Designator=C26 New Designator=C16
Change Component Designator: Old Designator=C27 New Designator=C28
Change Component Designator: Old Designator=C28 New Designator=C22
Change Component Designator: Old Designator=C29 New Designator=C13
Change Component Designator: Old Designator=C30 New Designator=C20
Change Component Designator: Old Designator=C31 New Designator=C26
Change Component Designator: Old Designator=C32 New Designator=C34
Change Component Designator: Old Designator=C33 New Designator=C18
Change Component Designator: Old Designator=C34 New Designator=C39
Change Component Designator: Old Designator=C35 New Designator=C1
Change Component Designator: Old Designator=C36 New Designator=C6
Change Component Designator: Old Designator=C37 New Designator=C19
Change Component Designator: Old Designator=C38 New Designator=C9
Change Component Designator: Old Designator=C39 New Designator=C37
Change Component Designator: Old Designator=DD1 New Designator=DD5
Change Component Designator: Old Designator=DD1 New Designator=DD5
Change Component Designator: Old Designator=DD1 New Designator=DD5
Change Component Designator: Old Designator=DD4 New Designator=DD6
Change Component Designator: Old Designator=DD4 New Designator=DD6
Change Component Designator: Old Designator=DD5 New Designator=DD7
Change Component Designator: Old Designator=DD5 New Designator=DD4
Change Component Designator: Old Designator=DD6 New Designator=DD4
Change Component Designator: Old Designator=DD6 New Designator=DD7
Change Component Designator: Old Designator=DD7 New Designator=DD1
Change Component Designator: Old Designator=DD7 New Designator=DD1
Change Component Designator: Old Designator=DD7 New Designator=DD1
Change Component Designator: Old Designator=HL1 New Designator=HL17
Change Component Designator: Old Designator=HL4 New Designator=HL6
Change Component Designator: Old Designator=HL5 New Designator=HL8
Change Component Designator: Old Designator=HL6 New Designator=HL10
Change Component Designator: Old Designator=HL7 New Designator=HL12
Change Component Designator: Old Designator=HL8 New Designator=HL14
Change Component Designator: Old Designator=HL9 New Designator=HL18
Change Component Designator: Old Designator=HL10 New Designator=HL16
Change Component Designator: Old Designator=HL11 New Designator=HL20
Change Component Designator: Old Designator=HL12 New Designator=HL22
Change Component Designator: Old Designator=HL13 New Designator=HL24
Change Component Designator: Old Designator=HL14 New Designator=HL30
Change Component Designator: Old Designator=HL15 New Designator=HL31
Change Component Designator: Old Designator=HL16 New Designator=HL26
Change Component Designator: Old Designator=HL17 New Designator=HL29
Change Component Designator: Old Designator=HL18 New Designator=HL1
Change Component Designator: Old Designator=HL19 New Designator=HL4
Change Component Designator: Old Designator=HL20 New Designator=HL5
Change Component Designator: Old Designator=HL21 New Designator=HL7
Change Component Designator: Old Designator=HL22 New Designator=HL9
Change Component Designator: Old Designator=HL23 New Designator=HL11
Change Component Designator: Old Designator=HL24 New Designator=HL19
Change Component Designator: Old Designator=HL25 New Designator=HL21
Change Component Designator: Old Designator=HL26 New Designator=HL23
Change Component Designator: Old Designator=HL27 New Designator=HL25
Change Component Designator: Old Designator=HL28 New Designator=HL27
Change Component Designator: Old Designator=HL29 New Designator=HL28
Change Component Designator: Old Designator=HL30 New Designator=HL13
Change Component Designator: Old Designator=HL31 New Designator=HL15
Change Component Designator: Old Designator=L1 New Designator=L4
Change Component Designator: Old Designator=L2 New Designator=L6
Change Component Designator: Old Designator=L3 New Designator=L2
Change Component Designator: Old Designator=L4 New Designator=L5
Change Component Designator: Old Designator=L5 New Designator=L3
Change Component Designator: Old Designator=L6 New Designator=L1
Change Component Designator: Old Designator=R1 New Designator=R28
Change Component Designator: Old Designator=R2 New Designator=R45
Change Component Designator: Old Designator=R3 New Designator=R41
Change Component Designator: Old Designator=R4 New Designator=R35
Change Component Designator: Old Designator=R5 New Designator=R12
Change Component Designator: Old Designator=R6 New Designator=R5
Change Component Designator: Old Designator=R7 New Designator=R32
Change Component Designator: Old Designator=R8 New Designator=R20
Change Component Designator: Old Designator=R9 New Designator=R36
Change Component Designator: Old Designator=R10 New Designator=R56
Change Component Designator: Old Designator=R11 New Designator=R21
Change Component Designator: Old Designator=R12 New Designator=R13
Change Component Designator: Old Designator=R13 New Designator=R6
Change Component Designator: Old Designator=R14 New Designator=R50
Change Component Designator: Old Designator=R15 New Designator=R1
Change Component Designator: Old Designator=R16 New Designator=R34
Change Component Designator: Old Designator=R17 New Designator=R7
Change Component Designator: Old Designator=R18 New Designator=R55
Change Component Designator: Old Designator=R19 New Designator=R22
Change Component Designator: Old Designator=R20 New Designator=R8
Change Component Designator: Old Designator=R21 New Designator=R27
Change Component Designator: Old Designator=R22 New Designator=R14
Change Component Designator: Old Designator=R23 New Designator=R15
Change Component Designator: Old Designator=R24 New Designator=R3
Change Component Designator: Old Designator=R25 New Designator=R43
Change Component Designator: Old Designator=R26 New Designator=R11
Change Component Designator: Old Designator=R27 New Designator=R2
Change Component Designator: Old Designator=R28 New Designator=R4
Change Component Designator: Old Designator=R29 New Designator=R9
Change Component Designator: Old Designator=R30 New Designator=R24
Change Component Designator: Old Designator=R31 New Designator=R29
Change Component Designator: Old Designator=R32 New Designator=R31
Change Component Designator: Old Designator=R33 New Designator=R25
Change Component Designator: Old Designator=R34 New Designator=R19
Change Component Designator: Old Designator=R35 New Designator=R18
Change Component Designator: Old Designator=R36 New Designator=R26
Change Component Designator: Old Designator=R37 New Designator=R30
Change Component Designator: Old Designator=R38 New Designator=R46
Change Component Designator: Old Designator=R39 New Designator=R48
Change Component Designator: Old Designator=R40 New Designator=R52
Change Component Designator: Old Designator=R41 New Designator=R54
Change Component Designator: Old Designator=R42 New Designator=R58
Change Component Designator: Old Designator=R43 New Designator=R60
Change Component Designator: Old Designator=R44 New Designator=R62
Change Component Designator: Old Designator=R45 New Designator=R64
Change Component Designator: Old Designator=R46 New Designator=R65
Change Component Designator: Old Designator=R47 New Designator=R67
Change Component Designator: Old Designator=R48 New Designator=R69
Change Component Designator: Old Designator=R49 New Designator=R71
Change Component Designator: Old Designator=R50 New Designator=R73
Change Component Designator: Old Designator=R51 New Designator=R76
Change Component Designator: Old Designator=R52 New Designator=R77
Change Component Designator: Old Designator=R53 New Designator=R78
Change Component Designator: Old Designator=R54 New Designator=R33
Change Component Designator: Old Designator=R55 New Designator=R42
Change Component Designator: Old Designator=R56 New Designator=R23
Change Component Designator: Old Designator=R57 New Designator=R16
Change Component Designator: Old Designator=R58 New Designator=R38
Change Component Designator: Old Designator=R59 New Designator=R37
Change Component Designator: Old Designator=R60 New Designator=R44
Change Component Designator: Old Designator=R61 New Designator=R40
Change Component Designator: Old Designator=R62 New Designator=R17
Change Component Designator: Old Designator=R63 New Designator=R39
Change Component Designator: Old Designator=R64 New Designator=R10
Change Component Designator: Old Designator=R65 New Designator=R47
Change Component Designator: Old Designator=R66 New Designator=R49
Change Component Designator: Old Designator=R67 New Designator=R51
Change Component Designator: Old Designator=R68 New Designator=R53
Change Component Designator: Old Designator=R69 New Designator=R57
Change Component Designator: Old Designator=R70 New Designator=R59
Change Component Designator: Old Designator=R71 New Designator=R61
Change Component Designator: Old Designator=R72 New Designator=R63
Change Component Designator: Old Designator=R73 New Designator=R66
Change Component Designator: Old Designator=R74 New Designator=R68
Change Component Designator: Old Designator=R75 New Designator=R70
Change Component Designator: Old Designator=R76 New Designator=R72
Change Component Designator: Old Designator=R77 New Designator=R74
Change Component Designator: Old Designator=R78 New Designator=R75
Change Component Designator: Old Designator=SA1 New Designator=SA2
Change Component Designator: Old Designator=SA2 New Designator=SA1
Change Component Designator: Old Designator=SB1 New Designator=SB5
Change Component Designator: Old Designator=SB2 New Designator=SB1
Change Component Designator: Old Designator=SB3 New Designator=SB2
Change Component Designator: Old Designator=SB4 New Designator=SB3
Change Component Designator: Old Designator=SB5 New Designator=SB4
Change Component Designator: Old Designator=VD1 New Designator=VD2
Change Component Designator: Old Designator=VD2 New Designator=VD3
Change Component Designator: Old Designator=VD3 New Designator=VD1
Change Component Designator: Old Designator=VD4 New Designator=VD5
Change Component Designator: Old Designator=VD5 New Designator=VD4
Change Component Designator: Old Designator=VT1 New Designator=VT12
Change Component Designator: Old Designator=VT2 New Designator=VT17
Change Component Designator: Old Designator=VT3 New Designator=VT4
Change Component Designator: Old Designator=VT4 New Designator=VT8
Change Component Designator: Old Designator=VT5 New Designator=VT1
Change Component Designator: Old Designator=VT6 New Designator=VT5
Change Component Designator: Old Designator=VT7 New Designator=VT9
Change Component Designator: Old Designator=VT8 New Designator=VT2
Change Component Designator: Old Designator=VT9 New Designator=VT3
Change Component Designator: Old Designator=VT10 New Designator=VT19
Change Component Designator: Old Designator=VT11 New Designator=VT35
Change Component Designator: Old Designator=VT12 New Designator=VT21
Change Component Designator: Old Designator=VT13 New Designator=VT37
Change Component Designator: Old Designator=VT14 New Designator=VT24
Change Component Designator: Old Designator=VT15 New Designator=VT39
Change Component Designator: Old Designator=VT16 New Designator=VT26
Change Component Designator: Old Designator=VT17 New Designator=VT41
Change Component Designator: Old Designator=VT18 New Designator=VT11
Change Component Designator: Old Designator=VT19 New Designator=VT28
Change Component Designator: Old Designator=VT20 New Designator=VT43
Change Component Designator: Old Designator=VT21 New Designator=VT10
Change Component Designator: Old Designator=VT22 New Designator=VT30
Change Component Designator: Old Designator=VT23 New Designator=VT46
Change Component Designator: Old Designator=VT24 New Designator=VT47
Change Component Designator: Old Designator=VT25 New Designator=VT32
Change Component Designator: Old Designator=VT26 New Designator=VT33
Change Component Designator: Old Designator=VT27 New Designator=VT48
Change Component Designator: Old Designator=VT28 New Designator=VT13
Change Component Designator: Old Designator=VT29 New Designator=VT18
Change Component Designator: Old Designator=VT30 New Designator=VT6
Change Component Designator: Old Designator=VT31 New Designator=VT14
Change Component Designator: Old Designator=VT32 New Designator=VT16
Change Component Designator: Old Designator=VT33 New Designator=VT36
Change Component Designator: Old Designator=VT34 New Designator=VT20
Change Component Designator: Old Designator=VT35 New Designator=VT15
Change Component Designator: Old Designator=VT36 New Designator=VT38
Change Component Designator: Old Designator=VT37 New Designator=VT22
Change Component Designator: Old Designator=VT38 New Designator=VT40
Change Component Designator: Old Designator=VT39 New Designator=VT23
Change Component Designator: Old Designator=VT40 New Designator=VT7
Change Component Designator: Old Designator=VT41 New Designator=VT42
Change Component Designator: Old Designator=VT42 New Designator=VT25
Change Component Designator: Old Designator=VT43 New Designator=VT27
Change Component Designator: Old Designator=VT45 New Designator=VT29
Change Component Designator: Old Designator=VT46 New Designator=VT45
Change Component Designator: Old Designator=VT47 New Designator=VT31
Change Component Designator: Old Designator=VT48 New Designator=VT34
Change Component Designator: Old Designator=Z1 New Designator=Z2
Change Component Designator: Old Designator=Z2 New Designator=Z1
