Change Component Designator: Old Designator=BQ? New Designator=BQ1
Change Component Designator: Old Designator=C24 New Designator=C34
Change Component Designator: Old Designator=C25 New Designator=C24
Change Component Designator: Old Designator=C27 New Designator=C25
Change Component Designator: Old Designator=C28 New Designator=C27
Change Component Designator: Old Designator=C29 New Designator=C39
Change Component Designator: Old Designator=C30 New Designator=C28
Change Component Designator: Old Designator=C31 New Designator=C29
Change Component Designator: Old Designator=C32 New Designator=C30
Change Component Designator: Old Designator=C33 New Designator=C31
Change Component Designator: Old Designator=C34 New Designator=C32
Change Component Designator: Old Designator=C35 New Designator=C33
Change Component Designator: Old Designator=C36 New Designator=C35
Change Component Designator: Old Designator=C37 New Designator=C36
Change Component Designator: Old Designator=C38 New Designator=C37
Change Component Designator: Old Designator=C39 New Designator=C38
Change Component Designator: Old Designator=DD5 New Designator=DD7
Change Component Designator: Old Designator=DD5 New Designator=DD7
Change Component Designator: Old Designator=DD5 New Designator=DD7
Change Component Designator: Old Designator=DD? New Designator=DD5
Change Component Designator: Old Designator=DD? New Designator=DD6
Change Component Designator: Old Designator=DD? New Designator=DD5
Change Component Designator: Old Designator=DD? New Designator=DD6
Change Component Designator: Old Designator=HL3 New Designator=HL10
Change Component Designator: Old Designator=HL? New Designator=HL3
Change Component Designator: Old Designator=HL? New Designator=HL4
Change Component Designator: Old Designator=HL? New Designator=HL5
Change Component Designator: Old Designator=HL? New Designator=HL6
Change Component Designator: Old Designator=HL? New Designator=HL7
Change Component Designator: Old Designator=HL? New Designator=HL8
Change Component Designator: Old Designator=HL? New Designator=HL9
Change Component Designator: Old Designator=HL? New Designator=HL11
Change Component Designator: Old Designator=HL? New Designator=HL12
Change Component Designator: Old Designator=HL? New Designator=HL13
Change Component Designator: Old Designator=HL? New Designator=HL14
Change Component Designator: Old Designator=HL? New Designator=HL15
Change Component Designator: Old Designator=HL? New Designator=HL16
Change Component Designator: Old Designator=HL? New Designator=HL17
Change Component Designator: Old Designator=HL? New Designator=HL18
Change Component Designator: Old Designator=HL? New Designator=HL19
Change Component Designator: Old Designator=HL? New Designator=HL20
Change Component Designator: Old Designator=HL? New Designator=HL21
Change Component Designator: Old Designator=HL? New Designator=HL22
Change Component Designator: Old Designator=HL? New Designator=HL23
Change Component Designator: Old Designator=HL? New Designator=HL24
Change Component Designator: Old Designator=HL? New Designator=HL25
Change Component Designator: Old Designator=HL? New Designator=HL26
Change Component Designator: Old Designator=HL? New Designator=HL27
Change Component Designator: Old Designator=HL? New Designator=HL28
Change Component Designator: Old Designator=HL? New Designator=HL29
Change Component Designator: Old Designator=HL? New Designator=HL30
Change Component Designator: Old Designator=HL? New Designator=HL31
Change Component Designator: Old Designator=R41 New Designator=R45
Change Component Designator: Old Designator=R42 New Designator=R54
Change Component Designator: Old Designator=R43 New Designator=R55
Change Component Designator: Old Designator=R44 New Designator=R56
Change Component Designator: Old Designator=R45 New Designator=R57
Change Component Designator: Old Designator=R46 New Designator=R58
Change Component Designator: Old Designator=R47 New Designator=R59
Change Component Designator: Old Designator=R48 New Designator=R60
Change Component Designator: Old Designator=R49 New Designator=R61
Change Component Designator: Old Designator=R50 New Designator=R62
Change Component Designator: Old Designator=R51 New Designator=R63
Change Component Designator: Old Designator=R52 New Designator=R64
Change Component Designator: Old Designator=R? New Designator=R39
Change Component Designator: Old Designator=R? New Designator=R40
Change Component Designator: Old Designator=R? New Designator=R41
Change Component Designator: Old Designator=R? New Designator=R42
Change Component Designator: Old Designator=R? New Designator=R43
Change Component Designator: Old Designator=R? New Designator=R44
Change Component Designator: Old Designator=R? New Designator=R46
Change Component Designator: Old Designator=R? New Designator=R47
Change Component Designator: Old Designator=R? New Designator=R48
Change Component Designator: Old Designator=R? New Designator=R49
Change Component Designator: Old Designator=R? New Designator=R50
Change Component Designator: Old Designator=R? New Designator=R51
Change Component Designator: Old Designator=R? New Designator=R52
Change Component Designator: Old Designator=R? New Designator=R53
Change Component Designator: Old Designator=R? New Designator=R65
Change Component Designator: Old Designator=R? New Designator=R66
Change Component Designator: Old Designator=R? New Designator=R67
Change Component Designator: Old Designator=R? New Designator=R68
Change Component Designator: Old Designator=R? New Designator=R69
Change Component Designator: Old Designator=R? New Designator=R70
Change Component Designator: Old Designator=R? New Designator=R71
Change Component Designator: Old Designator=R? New Designator=R72
Change Component Designator: Old Designator=R? New Designator=R73
Change Component Designator: Old Designator=R? New Designator=R74
Change Component Designator: Old Designator=R? New Designator=R75
Change Component Designator: Old Designator=R? New Designator=R76
Change Component Designator: Old Designator=R? New Designator=R77
Change Component Designator: Old Designator=R? New Designator=R78
Change Component Designator: Old Designator=VT12 New Designator=VT18
Change Component Designator: Old Designator=VT13 New Designator=VT21
Change Component Designator: Old Designator=VT15 New Designator=VT26
Change Component Designator: Old Designator=VT16 New Designator=VT28
Change Component Designator: Old Designator=VT17 New Designator=VT29
Change Component Designator: Old Designator=VT18 New Designator=VT30
Change Component Designator: Old Designator=VT19 New Designator=VT31
Change Component Designator: Old Designator=VT20 New Designator=VT32
Change Component Designator: Old Designator=VT21 New Designator=VT35
Change Component Designator: Old Designator=VT22 New Designator=VT40
Change Component Designator: Old Designator=VT? New Designator=VT11
Change Component Designator: Old Designator=VT? New Designator=VT12
Change Component Designator: Old Designator=VT? New Designator=VT13
Change Component Designator: Old Designator=VT? New Designator=VT14
Change Component Designator: Old Designator=VT? New Designator=VT15
Change Component Designator: Old Designator=VT? New Designator=VT16
Change Component Designator: Old Designator=VT? New Designator=VT17
Change Component Designator: Old Designator=VT? New Designator=VT19
Change Component Designator: Old Designator=VT? New Designator=VT20
Change Component Designator: Old Designator=VT? New Designator=VT22
Change Component Designator: Old Designator=VT? New Designator=VT23
Change Component Designator: Old Designator=VT? New Designator=VT24
Change Component Designator: Old Designator=VT? New Designator=VT25
Change Component Designator: Old Designator=VT? New Designator=VT27
Change Component Designator: Old Designator=VT? New Designator=VT33
Change Component Designator: Old Designator=VT? New Designator=VT34
Change Component Designator: Old Designator=VT? New Designator=VT36
Change Component Designator: Old Designator=VT? New Designator=VT37
Change Component Designator: Old Designator=VT? New Designator=VT38
Change Component Designator: Old Designator=VT? New Designator=VT39
Change Component Designator: Old Designator=VT? New Designator=VT41
Change Component Designator: Old Designator=VT? New Designator=VT42
Change Component Designator: Old Designator=VT? New Designator=VT43
Change Component Designator: Old Designator=VT? New Designator=VT44
Change Component Designator: Old Designator=VT? New Designator=VT45
Change Component Designator: Old Designator=VT? New Designator=VT46
Change Component Designator: Old Designator=VT? New Designator=VT47
Change Component Designator: Old Designator=VT? New Designator=VT48
